<!DOCTYPE html>
<html>
<head>
<meta http-equiv="Content-Type" content="text/html; charset=utf-8"/>
<meta http-equiv="x-ua-compatible" content="IE=edge"/>
<title>Test results - Class com.ilcarro.qa.tests.CreateAccountTests</title>
<link href="../css/base-style.css" rel="stylesheet" type="text/css"/>
<link href="../css/style.css" rel="stylesheet" type="text/css"/>
<script src="../js/report.js" type="text/javascript"></script>
</head>
<body>
<div id="content">
<h1>Class com.ilcarro.qa.tests.CreateAccountTests</h1>
<div class="breadcrumbs">
<a href="../index.html">all</a> &gt; 
<a href="../packages/com.ilcarro.qa.tests.html">com.ilcarro.qa.tests</a> &gt; CreateAccountTests</div>
<div id="summary">
<table>
<tr>
<td>
<div class="summaryGroup">
<table>
<tr>
<td>
<div class="infoBox" id="tests">
<div class="counter">8</div>
<p>tests</p>
</div>
</td>
<td>
<div class="infoBox" id="failures">
<div class="counter">7</div>
<p>failures</p>
</div>
</td>
<td>
<div class="infoBox" id="ignored">
<div class="counter">0</div>
<p>ignored</p>
</div>
</td>
<td>
<div class="infoBox" id="duration">
<div class="counter">1m14.47s</div>
<p>duration</p>
</div>
</td>
</tr>
</table>
</div>
</td>
<td>
<div class="infoBox failures" id="successRate">
<div class="percent">12%</div>
<p>successful</p>
</div>
</td>
</tr>
</table>
</div>
<div id="tabs">
<ul class="tabLinks">
<li>
<a href="#tab0">Failed tests</a>
</li>
<li>
<a href="#tab1">Tests</a>
</li>
<li>
<a href="#tab2">Standard output</a>
</li>
</ul>
<div id="tab0" class="tab">
<h2>Failed tests</h2>
<div class="test">
<a name="testSignUpFromCSVDataProvider[0](User{fName='TesterU', lName='TesterU', email='testerU1+2@u.co', password='1234567aA'})"></a>
<h3 class="failures">testSignUpFromCSVDataProvider[0](User{fName='TesterU', lName='TesterU', email='testerU1+2@u.co', password='1234567aA'})</h3>
<span class="code">
<pre>java.lang.AssertionError: expected [true] but found [false]
	at org.testng.Assert.fail(Assert.java:97)
	at org.testng.Assert.failNotEquals(Assert.java:969)
	at org.testng.Assert.assertTrue(Assert.java:43)
	at org.testng.Assert.assertTrue(Assert.java:53)
	at com.ilcarro.qa.tests.CreateAccountTests.testSignUpFromCSVDataProvider(CreateAccountTests.java:71)
	at sun.reflect.NativeMethodAccessorImpl.invoke0(Native Method)
	at sun.reflect.NativeMethodAccessorImpl.invoke(NativeMethodAccessorImpl.java:62)
	at sun.reflect.DelegatingMethodAccessorImpl.invoke(DelegatingMethodAccessorImpl.java:43)
	at java.lang.reflect.Method.invoke(Method.java:498)
	at org.testng.internal.MethodInvocationHelper.invokeMethod(MethodInvocationHelper.java:134)
	at org.testng.internal.TestInvoker.invokeMethod(TestInvoker.java:597)
	at org.testng.internal.TestInvoker.invokeTestMethod(TestInvoker.java:173)
	at org.testng.internal.MethodRunner.runInSequence(MethodRunner.java:46)
	at org.testng.internal.TestInvoker$MethodInvocationAgent.invoke(TestInvoker.java:816)
	at org.testng.internal.TestInvoker.invokeTestMethods(TestInvoker.java:146)
	at org.testng.internal.TestMethodWorker.invokeTestMethods(TestMethodWorker.java:146)
	at org.testng.internal.TestMethodWorker.run(TestMethodWorker.java:128)
	at java.util.ArrayList.forEach(ArrayList.java:1259)
	at org.testng.TestRunner.privateRun(TestRunner.java:766)
	at org.testng.TestRunner.run(TestRunner.java:587)
	at org.testng.SuiteRunner.runTest(SuiteRunner.java:384)
	at org.testng.SuiteRunner.runSequentially(SuiteRunner.java:378)
	at org.testng.SuiteRunner.privateRun(SuiteRunner.java:337)
	at org.testng.SuiteRunner.run(SuiteRunner.java:286)
	at org.testng.SuiteRunnerWorker.runSuite(SuiteRunnerWorker.java:53)
	at org.testng.SuiteRunnerWorker.run(SuiteRunnerWorker.java:96)
	at org.testng.TestNG.runSuitesSequentially(TestNG.java:1187)
	at org.testng.TestNG.runSuitesLocally(TestNG.java:1109)
	at org.testng.TestNG.runSuites(TestNG.java:1039)
	at org.testng.TestNG.run(TestNG.java:1007)
	at org.gradle.api.internal.tasks.testing.testng.TestNGTestClassProcessor.runTests(TestNGTestClassProcessor.java:141)
	at org.gradle.api.internal.tasks.testing.testng.TestNGTestClassProcessor.stop(TestNGTestClassProcessor.java:90)
	at org.gradle.api.internal.tasks.testing.SuiteTestClassProcessor.stop(SuiteTestClassProcessor.java:61)
	at sun.reflect.NativeMethodAccessorImpl.invoke0(Native Method)
	at sun.reflect.NativeMethodAccessorImpl.invoke(NativeMethodAccessorImpl.java:62)
	at sun.reflect.DelegatingMethodAccessorImpl.invoke(DelegatingMethodAccessorImpl.java:43)
	at java.lang.reflect.Method.invoke(Method.java:498)
	at org.gradle.internal.dispatch.ReflectionDispatch.dispatch(ReflectionDispatch.java:36)
	at org.gradle.internal.dispatch.ReflectionDispatch.dispatch(ReflectionDispatch.java:24)
	at org.gradle.internal.dispatch.ContextClassLoaderDispatch.dispatch(ContextClassLoaderDispatch.java:33)
	at org.gradle.internal.dispatch.ProxyDispatchAdapter$DispatchingInvocationHandler.invoke(ProxyDispatchAdapter.java:94)
	at com.sun.proxy.$Proxy2.stop(Unknown Source)
	at org.gradle.api.internal.tasks.testing.worker.TestWorker.stop(TestWorker.java:132)
	at sun.reflect.NativeMethodAccessorImpl.invoke0(Native Method)
	at sun.reflect.NativeMethodAccessorImpl.invoke(NativeMethodAccessorImpl.java:62)
	at sun.reflect.DelegatingMethodAccessorImpl.invoke(DelegatingMethodAccessorImpl.java:43)
	at java.lang.reflect.Method.invoke(Method.java:498)
	at org.gradle.internal.dispatch.ReflectionDispatch.dispatch(ReflectionDispatch.java:36)
	at org.gradle.internal.dispatch.ReflectionDispatch.dispatch(ReflectionDispatch.java:24)
	at org.gradle.internal.remote.internal.hub.MessageHubBackedObjectConnection$DispatchWrapper.dispatch(MessageHubBackedObjectConnection.java:182)
	at org.gradle.internal.remote.internal.hub.MessageHubBackedObjectConnection$DispatchWrapper.dispatch(MessageHubBackedObjectConnection.java:164)
	at org.gradle.internal.remote.internal.hub.MessageHub$Handler.run(MessageHub.java:412)
	at org.gradle.internal.concurrent.ExecutorPolicy$CatchAndRecordFailures.onExecute(ExecutorPolicy.java:64)
	at org.gradle.internal.concurrent.ManagedExecutorImpl$1.run(ManagedExecutorImpl.java:48)
	at java.util.concurrent.ThreadPoolExecutor.runWorker(ThreadPoolExecutor.java:1149)
	at java.util.concurrent.ThreadPoolExecutor$Worker.run(ThreadPoolExecutor.java:624)
	at org.gradle.internal.concurrent.ThreadFactoryImpl$ManagedThreadRunnable.run(ThreadFactoryImpl.java:56)
	at java.lang.Thread.run(Thread.java:748)
</pre>
</span>
</div>
<div class="test">
<a name="testSignUpFromCSVDataProvider[1](User{fName='Tester-U', lName='Tester-U', email='testerQa1+2@qa.com', password='Aa1234567'})"></a>
<h3 class="failures">testSignUpFromCSVDataProvider[1](User{fName='Tester-U', lName='Tester-U', email='testerQa1+2@qa.com', password='Aa1234567'})</h3>
<span class="code">
<pre>java.lang.AssertionError: expected [true] but found [false]
	at org.testng.Assert.fail(Assert.java:97)
	at org.testng.Assert.failNotEquals(Assert.java:969)
	at org.testng.Assert.assertTrue(Assert.java:43)
	at org.testng.Assert.assertTrue(Assert.java:53)
	at com.ilcarro.qa.tests.CreateAccountTests.testSignUpFromCSVDataProvider(CreateAccountTests.java:71)
	at sun.reflect.NativeMethodAccessorImpl.invoke0(Native Method)
	at sun.reflect.NativeMethodAccessorImpl.invoke(NativeMethodAccessorImpl.java:62)
	at sun.reflect.DelegatingMethodAccessorImpl.invoke(DelegatingMethodAccessorImpl.java:43)
	at java.lang.reflect.Method.invoke(Method.java:498)
	at org.testng.internal.MethodInvocationHelper.invokeMethod(MethodInvocationHelper.java:134)
	at org.testng.internal.TestInvoker.invokeMethod(TestInvoker.java:597)
	at org.testng.internal.TestInvoker.invokeTestMethod(TestInvoker.java:173)
	at org.testng.internal.MethodRunner.runInSequence(MethodRunner.java:46)
	at org.testng.internal.TestInvoker$MethodInvocationAgent.invoke(TestInvoker.java:816)
	at org.testng.internal.TestInvoker.invokeTestMethods(TestInvoker.java:146)
	at org.testng.internal.TestMethodWorker.invokeTestMethods(TestMethodWorker.java:146)
	at org.testng.internal.TestMethodWorker.run(TestMethodWorker.java:128)
	at java.util.ArrayList.forEach(ArrayList.java:1259)
	at org.testng.TestRunner.privateRun(TestRunner.java:766)
	at org.testng.TestRunner.run(TestRunner.java:587)
	at org.testng.SuiteRunner.runTest(SuiteRunner.java:384)
	at org.testng.SuiteRunner.runSequentially(SuiteRunner.java:378)
	at org.testng.SuiteRunner.privateRun(SuiteRunner.java:337)
	at org.testng.SuiteRunner.run(SuiteRunner.java:286)
	at org.testng.SuiteRunnerWorker.runSuite(SuiteRunnerWorker.java:53)
	at org.testng.SuiteRunnerWorker.run(SuiteRunnerWorker.java:96)
	at org.testng.TestNG.runSuitesSequentially(TestNG.java:1187)
	at org.testng.TestNG.runSuitesLocally(TestNG.java:1109)
	at org.testng.TestNG.runSuites(TestNG.java:1039)
	at org.testng.TestNG.run(TestNG.java:1007)
	at org.gradle.api.internal.tasks.testing.testng.TestNGTestClassProcessor.runTests(TestNGTestClassProcessor.java:141)
	at org.gradle.api.internal.tasks.testing.testng.TestNGTestClassProcessor.stop(TestNGTestClassProcessor.java:90)
	at org.gradle.api.internal.tasks.testing.SuiteTestClassProcessor.stop(SuiteTestClassProcessor.java:61)
	at sun.reflect.NativeMethodAccessorImpl.invoke0(Native Method)
	at sun.reflect.NativeMethodAccessorImpl.invoke(NativeMethodAccessorImpl.java:62)
	at sun.reflect.DelegatingMethodAccessorImpl.invoke(DelegatingMethodAccessorImpl.java:43)
	at java.lang.reflect.Method.invoke(Method.java:498)
	at org.gradle.internal.dispatch.ReflectionDispatch.dispatch(ReflectionDispatch.java:36)
	at org.gradle.internal.dispatch.ReflectionDispatch.dispatch(ReflectionDispatch.java:24)
	at org.gradle.internal.dispatch.ContextClassLoaderDispatch.dispatch(ContextClassLoaderDispatch.java:33)
	at org.gradle.internal.dispatch.ProxyDispatchAdapter$DispatchingInvocationHandler.invoke(ProxyDispatchAdapter.java:94)
	at com.sun.proxy.$Proxy2.stop(Unknown Source)
	at org.gradle.api.internal.tasks.testing.worker.TestWorker.stop(TestWorker.java:132)
	at sun.reflect.NativeMethodAccessorImpl.invoke0(Native Method)
	at sun.reflect.NativeMethodAccessorImpl.invoke(NativeMethodAccessorImpl.java:62)
	at sun.reflect.DelegatingMethodAccessorImpl.invoke(DelegatingMethodAccessorImpl.java:43)
	at java.lang.reflect.Method.invoke(Method.java:498)
	at org.gradle.internal.dispatch.ReflectionDispatch.dispatch(ReflectionDispatch.java:36)
	at org.gradle.internal.dispatch.ReflectionDispatch.dispatch(ReflectionDispatch.java:24)
	at org.gradle.internal.remote.internal.hub.MessageHubBackedObjectConnection$DispatchWrapper.dispatch(MessageHubBackedObjectConnection.java:182)
	at org.gradle.internal.remote.internal.hub.MessageHubBackedObjectConnection$DispatchWrapper.dispatch(MessageHubBackedObjectConnection.java:164)
	at org.gradle.internal.remote.internal.hub.MessageHub$Handler.run(MessageHub.java:412)
	at org.gradle.internal.concurrent.ExecutorPolicy$CatchAndRecordFailures.onExecute(ExecutorPolicy.java:64)
	at org.gradle.internal.concurrent.ManagedExecutorImpl$1.run(ManagedExecutorImpl.java:48)
	at java.util.concurrent.ThreadPoolExecutor.runWorker(ThreadPoolExecutor.java:1149)
	at java.util.concurrent.ThreadPoolExecutor$Worker.run(ThreadPoolExecutor.java:624)
	at org.gradle.internal.concurrent.ThreadFactoryImpl$ManagedThreadRunnable.run(ThreadFactoryImpl.java:56)
	at java.lang.Thread.run(Thread.java:748)
</pre>
</span>
</div>
<div class="test">
<a name="testSignUpFromCSVDataProvider[2](User{fName='TesterQAB', lName='TesterQAB', email='testerqab1+2@qa.com', password='Aa1234567'})"></a>
<h3 class="failures">testSignUpFromCSVDataProvider[2](User{fName='TesterQAB', lName='TesterQAB', email='testerqab1+2@qa.com', password='Aa1234567'})</h3>
<span class="code">
<pre>java.lang.AssertionError: expected [true] but found [false]
	at org.testng.Assert.fail(Assert.java:97)
	at org.testng.Assert.failNotEquals(Assert.java:969)
	at org.testng.Assert.assertTrue(Assert.java:43)
	at org.testng.Assert.assertTrue(Assert.java:53)
	at com.ilcarro.qa.tests.CreateAccountTests.testSignUpFromCSVDataProvider(CreateAccountTests.java:71)
	at sun.reflect.NativeMethodAccessorImpl.invoke0(Native Method)
	at sun.reflect.NativeMethodAccessorImpl.invoke(NativeMethodAccessorImpl.java:62)
	at sun.reflect.DelegatingMethodAccessorImpl.invoke(DelegatingMethodAccessorImpl.java:43)
	at java.lang.reflect.Method.invoke(Method.java:498)
	at org.testng.internal.MethodInvocationHelper.invokeMethod(MethodInvocationHelper.java:134)
	at org.testng.internal.TestInvoker.invokeMethod(TestInvoker.java:597)
	at org.testng.internal.TestInvoker.invokeTestMethod(TestInvoker.java:173)
	at org.testng.internal.MethodRunner.runInSequence(MethodRunner.java:46)
	at org.testng.internal.TestInvoker$MethodInvocationAgent.invoke(TestInvoker.java:816)
	at org.testng.internal.TestInvoker.invokeTestMethods(TestInvoker.java:146)
	at org.testng.internal.TestMethodWorker.invokeTestMethods(TestMethodWorker.java:146)
	at org.testng.internal.TestMethodWorker.run(TestMethodWorker.java:128)
	at java.util.ArrayList.forEach(ArrayList.java:1259)
	at org.testng.TestRunner.privateRun(TestRunner.java:766)
	at org.testng.TestRunner.run(TestRunner.java:587)
	at org.testng.SuiteRunner.runTest(SuiteRunner.java:384)
	at org.testng.SuiteRunner.runSequentially(SuiteRunner.java:378)
	at org.testng.SuiteRunner.privateRun(SuiteRunner.java:337)
	at org.testng.SuiteRunner.run(SuiteRunner.java:286)
	at org.testng.SuiteRunnerWorker.runSuite(SuiteRunnerWorker.java:53)
	at org.testng.SuiteRunnerWorker.run(SuiteRunnerWorker.java:96)
	at org.testng.TestNG.runSuitesSequentially(TestNG.java:1187)
	at org.testng.TestNG.runSuitesLocally(TestNG.java:1109)
	at org.testng.TestNG.runSuites(TestNG.java:1039)
	at org.testng.TestNG.run(TestNG.java:1007)
	at org.gradle.api.internal.tasks.testing.testng.TestNGTestClassProcessor.runTests(TestNGTestClassProcessor.java:141)
	at org.gradle.api.internal.tasks.testing.testng.TestNGTestClassProcessor.stop(TestNGTestClassProcessor.java:90)
	at org.gradle.api.internal.tasks.testing.SuiteTestClassProcessor.stop(SuiteTestClassProcessor.java:61)
	at sun.reflect.NativeMethodAccessorImpl.invoke0(Native Method)
	at sun.reflect.NativeMethodAccessorImpl.invoke(NativeMethodAccessorImpl.java:62)
	at sun.reflect.DelegatingMethodAccessorImpl.invoke(DelegatingMethodAccessorImpl.java:43)
	at java.lang.reflect.Method.invoke(Method.java:498)
	at org.gradle.internal.dispatch.ReflectionDispatch.dispatch(ReflectionDispatch.java:36)
	at org.gradle.internal.dispatch.ReflectionDispatch.dispatch(ReflectionDispatch.java:24)
	at org.gradle.internal.dispatch.ContextClassLoaderDispatch.dispatch(ContextClassLoaderDispatch.java:33)
	at org.gradle.internal.dispatch.ProxyDispatchAdapter$DispatchingInvocationHandler.invoke(ProxyDispatchAdapter.java:94)
	at com.sun.proxy.$Proxy2.stop(Unknown Source)
	at org.gradle.api.internal.tasks.testing.worker.TestWorker.stop(TestWorker.java:132)
	at sun.reflect.NativeMethodAccessorImpl.invoke0(Native Method)
	at sun.reflect.NativeMethodAccessorImpl.invoke(NativeMethodAccessorImpl.java:62)
	at sun.reflect.DelegatingMethodAccessorImpl.invoke(DelegatingMethodAccessorImpl.java:43)
	at java.lang.reflect.Method.invoke(Method.java:498)
	at org.gradle.internal.dispatch.ReflectionDispatch.dispatch(ReflectionDispatch.java:36)
	at org.gradle.internal.dispatch.ReflectionDispatch.dispatch(ReflectionDispatch.java:24)
	at org.gradle.internal.remote.internal.hub.MessageHubBackedObjectConnection$DispatchWrapper.dispatch(MessageHubBackedObjectConnection.java:182)
	at org.gradle.internal.remote.internal.hub.MessageHubBackedObjectConnection$DispatchWrapper.dispatch(MessageHubBackedObjectConnection.java:164)
	at org.gradle.internal.remote.internal.hub.MessageHub$Handler.run(MessageHub.java:412)
	at org.gradle.internal.concurrent.ExecutorPolicy$CatchAndRecordFailures.onExecute(ExecutorPolicy.java:64)
	at org.gradle.internal.concurrent.ManagedExecutorImpl$1.run(ManagedExecutorImpl.java:48)
	at java.util.concurrent.ThreadPoolExecutor.runWorker(ThreadPoolExecutor.java:1149)
	at java.util.concurrent.ThreadPoolExecutor$Worker.run(ThreadPoolExecutor.java:624)
	at org.gradle.internal.concurrent.ThreadFactoryImpl$ManagedThreadRunnable.run(ThreadFactoryImpl.java:56)
	at java.lang.Thread.run(Thread.java:748)
</pre>
</span>
</div>
<div class="test">
<a name="testSignUpFromCSVDataProvider[3](User{fName='Tester U', lName='Tester U', email='QA251+2@qa.co', password='1234567Aa'})"></a>
<h3 class="failures">testSignUpFromCSVDataProvider[3](User{fName='Tester U', lName='Tester U', email='QA251+2@qa.co', password='1234567Aa'})</h3>
<span class="code">
<pre>java.lang.AssertionError: expected [true] but found [false]
	at org.testng.Assert.fail(Assert.java:97)
	at org.testng.Assert.failNotEquals(Assert.java:969)
	at org.testng.Assert.assertTrue(Assert.java:43)
	at org.testng.Assert.assertTrue(Assert.java:53)
	at com.ilcarro.qa.tests.CreateAccountTests.testSignUpFromCSVDataProvider(CreateAccountTests.java:71)
	at sun.reflect.NativeMethodAccessorImpl.invoke0(Native Method)
	at sun.reflect.NativeMethodAccessorImpl.invoke(NativeMethodAccessorImpl.java:62)
	at sun.reflect.DelegatingMethodAccessorImpl.invoke(DelegatingMethodAccessorImpl.java:43)
	at java.lang.reflect.Method.invoke(Method.java:498)
	at org.testng.internal.MethodInvocationHelper.invokeMethod(MethodInvocationHelper.java:134)
	at org.testng.internal.TestInvoker.invokeMethod(TestInvoker.java:597)
	at org.testng.internal.TestInvoker.invokeTestMethod(TestInvoker.java:173)
	at org.testng.internal.MethodRunner.runInSequence(MethodRunner.java:46)
	at org.testng.internal.TestInvoker$MethodInvocationAgent.invoke(TestInvoker.java:816)
	at org.testng.internal.TestInvoker.invokeTestMethods(TestInvoker.java:146)
	at org.testng.internal.TestMethodWorker.invokeTestMethods(TestMethodWorker.java:146)
	at org.testng.internal.TestMethodWorker.run(TestMethodWorker.java:128)
	at java.util.ArrayList.forEach(ArrayList.java:1259)
	at org.testng.TestRunner.privateRun(TestRunner.java:766)
	at org.testng.TestRunner.run(TestRunner.java:587)
	at org.testng.SuiteRunner.runTest(SuiteRunner.java:384)
	at org.testng.SuiteRunner.runSequentially(SuiteRunner.java:378)
	at org.testng.SuiteRunner.privateRun(SuiteRunner.java:337)
	at org.testng.SuiteRunner.run(SuiteRunner.java:286)
	at org.testng.SuiteRunnerWorker.runSuite(SuiteRunnerWorker.java:53)
	at org.testng.SuiteRunnerWorker.run(SuiteRunnerWorker.java:96)
	at org.testng.TestNG.runSuitesSequentially(TestNG.java:1187)
	at org.testng.TestNG.runSuitesLocally(TestNG.java:1109)
	at org.testng.TestNG.runSuites(TestNG.java:1039)
	at org.testng.TestNG.run(TestNG.java:1007)
	at org.gradle.api.internal.tasks.testing.testng.TestNGTestClassProcessor.runTests(TestNGTestClassProcessor.java:141)
	at org.gradle.api.internal.tasks.testing.testng.TestNGTestClassProcessor.stop(TestNGTestClassProcessor.java:90)
	at org.gradle.api.internal.tasks.testing.SuiteTestClassProcessor.stop(SuiteTestClassProcessor.java:61)
	at sun.reflect.NativeMethodAccessorImpl.invoke0(Native Method)
	at sun.reflect.NativeMethodAccessorImpl.invoke(NativeMethodAccessorImpl.java:62)
	at sun.reflect.DelegatingMethodAccessorImpl.invoke(DelegatingMethodAccessorImpl.java:43)
	at java.lang.reflect.Method.invoke(Method.java:498)
	at org.gradle.internal.dispatch.ReflectionDispatch.dispatch(ReflectionDispatch.java:36)
	at org.gradle.internal.dispatch.ReflectionDispatch.dispatch(ReflectionDispatch.java:24)
	at org.gradle.internal.dispatch.ContextClassLoaderDispatch.dispatch(ContextClassLoaderDispatch.java:33)
	at org.gradle.internal.dispatch.ProxyDispatchAdapter$DispatchingInvocationHandler.invoke(ProxyDispatchAdapter.java:94)
	at com.sun.proxy.$Proxy2.stop(Unknown Source)
	at org.gradle.api.internal.tasks.testing.worker.TestWorker.stop(TestWorker.java:132)
	at sun.reflect.NativeMethodAccessorImpl.invoke0(Native Method)
	at sun.reflect.NativeMethodAccessorImpl.invoke(NativeMethodAccessorImpl.java:62)
	at sun.reflect.DelegatingMethodAccessorImpl.invoke(DelegatingMethodAccessorImpl.java:43)
	at java.lang.reflect.Method.invoke(Method.java:498)
	at org.gradle.internal.dispatch.ReflectionDispatch.dispatch(ReflectionDispatch.java:36)
	at org.gradle.internal.dispatch.ReflectionDispatch.dispatch(ReflectionDispatch.java:24)
	at org.gradle.internal.remote.internal.hub.MessageHubBackedObjectConnection$DispatchWrapper.dispatch(MessageHubBackedObjectConnection.java:182)
	at org.gradle.internal.remote.internal.hub.MessageHubBackedObjectConnection$DispatchWrapper.dispatch(MessageHubBackedObjectConnection.java:164)
	at org.gradle.internal.remote.internal.hub.MessageHub$Handler.run(MessageHub.java:412)
	at org.gradle.internal.concurrent.ExecutorPolicy$CatchAndRecordFailures.onExecute(ExecutorPolicy.java:64)
	at org.gradle.internal.concurrent.ManagedExecutorImpl$1.run(ManagedExecutorImpl.java:48)
	at java.util.concurrent.ThreadPoolExecutor.runWorker(ThreadPoolExecutor.java:1149)
	at java.util.concurrent.ThreadPoolExecutor$Worker.run(ThreadPoolExecutor.java:624)
	at org.gradle.internal.concurrent.ThreadFactoryImpl$ManagedThreadRunnable.run(ThreadFactoryImpl.java:56)
	at java.lang.Thread.run(Thread.java:748)
</pre>
</span>
</div>
<div class="test">
<a name="testSignUpFromDataProvider[0](fName1, lname, lname+2@gmail.com, 1Qaaaaaaa)"></a>
<h3 class="failures">testSignUpFromDataProvider[0](fName1, lname, lname+2@gmail.com, 1Qaaaaaaa)</h3>
<span class="code">
<pre>java.lang.AssertionError: expected [true] but found [false]
	at org.testng.Assert.fail(Assert.java:97)
	at org.testng.Assert.failNotEquals(Assert.java:969)
	at org.testng.Assert.assertTrue(Assert.java:43)
	at org.testng.Assert.assertTrue(Assert.java:53)
	at com.ilcarro.qa.tests.CreateAccountTests.testSignUpFromDataProvider(CreateAccountTests.java:57)
	at sun.reflect.NativeMethodAccessorImpl.invoke0(Native Method)
	at sun.reflect.NativeMethodAccessorImpl.invoke(NativeMethodAccessorImpl.java:62)
	at sun.reflect.DelegatingMethodAccessorImpl.invoke(DelegatingMethodAccessorImpl.java:43)
	at java.lang.reflect.Method.invoke(Method.java:498)
	at org.testng.internal.MethodInvocationHelper.invokeMethod(MethodInvocationHelper.java:134)
	at org.testng.internal.TestInvoker.invokeMethod(TestInvoker.java:597)
	at org.testng.internal.TestInvoker.invokeTestMethod(TestInvoker.java:173)
	at org.testng.internal.MethodRunner.runInSequence(MethodRunner.java:46)
	at org.testng.internal.TestInvoker$MethodInvocationAgent.invoke(TestInvoker.java:816)
	at org.testng.internal.TestInvoker.invokeTestMethods(TestInvoker.java:146)
	at org.testng.internal.TestMethodWorker.invokeTestMethods(TestMethodWorker.java:146)
	at org.testng.internal.TestMethodWorker.run(TestMethodWorker.java:128)
	at java.util.ArrayList.forEach(ArrayList.java:1259)
	at org.testng.TestRunner.privateRun(TestRunner.java:766)
	at org.testng.TestRunner.run(TestRunner.java:587)
	at org.testng.SuiteRunner.runTest(SuiteRunner.java:384)
	at org.testng.SuiteRunner.runSequentially(SuiteRunner.java:378)
	at org.testng.SuiteRunner.privateRun(SuiteRunner.java:337)
	at org.testng.SuiteRunner.run(SuiteRunner.java:286)
	at org.testng.SuiteRunnerWorker.runSuite(SuiteRunnerWorker.java:53)
	at org.testng.SuiteRunnerWorker.run(SuiteRunnerWorker.java:96)
	at org.testng.TestNG.runSuitesSequentially(TestNG.java:1187)
	at org.testng.TestNG.runSuitesLocally(TestNG.java:1109)
	at org.testng.TestNG.runSuites(TestNG.java:1039)
	at org.testng.TestNG.run(TestNG.java:1007)
	at org.gradle.api.internal.tasks.testing.testng.TestNGTestClassProcessor.runTests(TestNGTestClassProcessor.java:141)
	at org.gradle.api.internal.tasks.testing.testng.TestNGTestClassProcessor.stop(TestNGTestClassProcessor.java:90)
	at org.gradle.api.internal.tasks.testing.SuiteTestClassProcessor.stop(SuiteTestClassProcessor.java:61)
	at sun.reflect.NativeMethodAccessorImpl.invoke0(Native Method)
	at sun.reflect.NativeMethodAccessorImpl.invoke(NativeMethodAccessorImpl.java:62)
	at sun.reflect.DelegatingMethodAccessorImpl.invoke(DelegatingMethodAccessorImpl.java:43)
	at java.lang.reflect.Method.invoke(Method.java:498)
	at org.gradle.internal.dispatch.ReflectionDispatch.dispatch(ReflectionDispatch.java:36)
	at org.gradle.internal.dispatch.ReflectionDispatch.dispatch(ReflectionDispatch.java:24)
	at org.gradle.internal.dispatch.ContextClassLoaderDispatch.dispatch(ContextClassLoaderDispatch.java:33)
	at org.gradle.internal.dispatch.ProxyDispatchAdapter$DispatchingInvocationHandler.invoke(ProxyDispatchAdapter.java:94)
	at com.sun.proxy.$Proxy2.stop(Unknown Source)
	at org.gradle.api.internal.tasks.testing.worker.TestWorker.stop(TestWorker.java:132)
	at sun.reflect.NativeMethodAccessorImpl.invoke0(Native Method)
	at sun.reflect.NativeMethodAccessorImpl.invoke(NativeMethodAccessorImpl.java:62)
	at sun.reflect.DelegatingMethodAccessorImpl.invoke(DelegatingMethodAccessorImpl.java:43)
	at java.lang.reflect.Method.invoke(Method.java:498)
	at org.gradle.internal.dispatch.ReflectionDispatch.dispatch(ReflectionDispatch.java:36)
	at org.gradle.internal.dispatch.ReflectionDispatch.dispatch(ReflectionDispatch.java:24)
	at org.gradle.internal.remote.internal.hub.MessageHubBackedObjectConnection$DispatchWrapper.dispatch(MessageHubBackedObjectConnection.java:182)
	at org.gradle.internal.remote.internal.hub.MessageHubBackedObjectConnection$DispatchWrapper.dispatch(MessageHubBackedObjectConnection.java:164)
	at org.gradle.internal.remote.internal.hub.MessageHub$Handler.run(MessageHub.java:412)
	at org.gradle.internal.concurrent.ExecutorPolicy$CatchAndRecordFailures.onExecute(ExecutorPolicy.java:64)
	at org.gradle.internal.concurrent.ManagedExecutorImpl$1.run(ManagedExecutorImpl.java:48)
	at java.util.concurrent.ThreadPoolExecutor.runWorker(ThreadPoolExecutor.java:1149)
	at java.util.concurrent.ThreadPoolExecutor$Worker.run(ThreadPoolExecutor.java:624)
	at org.gradle.internal.concurrent.ThreadFactoryImpl$ManagedThreadRunnable.run(ThreadFactoryImpl.java:56)
	at java.lang.Thread.run(Thread.java:748)
</pre>
</span>
</div>
<div class="test">
<a name="testSignUpFromDataProvider[1](aab, FF, 1111+2@ss.com, lkjhgfd2Q)"></a>
<h3 class="failures">testSignUpFromDataProvider[1](aab, FF, 1111+2@ss.com, lkjhgfd2Q)</h3>
<span class="code">
<pre>java.lang.AssertionError: expected [true] but found [false]
	at org.testng.Assert.fail(Assert.java:97)
	at org.testng.Assert.failNotEquals(Assert.java:969)
	at org.testng.Assert.assertTrue(Assert.java:43)
	at org.testng.Assert.assertTrue(Assert.java:53)
	at com.ilcarro.qa.tests.CreateAccountTests.testSignUpFromDataProvider(CreateAccountTests.java:57)
	at sun.reflect.NativeMethodAccessorImpl.invoke0(Native Method)
	at sun.reflect.NativeMethodAccessorImpl.invoke(NativeMethodAccessorImpl.java:62)
	at sun.reflect.DelegatingMethodAccessorImpl.invoke(DelegatingMethodAccessorImpl.java:43)
	at java.lang.reflect.Method.invoke(Method.java:498)
	at org.testng.internal.MethodInvocationHelper.invokeMethod(MethodInvocationHelper.java:134)
	at org.testng.internal.TestInvoker.invokeMethod(TestInvoker.java:597)
	at org.testng.internal.TestInvoker.invokeTestMethod(TestInvoker.java:173)
	at org.testng.internal.MethodRunner.runInSequence(MethodRunner.java:46)
	at org.testng.internal.TestInvoker$MethodInvocationAgent.invoke(TestInvoker.java:816)
	at org.testng.internal.TestInvoker.invokeTestMethods(TestInvoker.java:146)
	at org.testng.internal.TestMethodWorker.invokeTestMethods(TestMethodWorker.java:146)
	at org.testng.internal.TestMethodWorker.run(TestMethodWorker.java:128)
	at java.util.ArrayList.forEach(ArrayList.java:1259)
	at org.testng.TestRunner.privateRun(TestRunner.java:766)
	at org.testng.TestRunner.run(TestRunner.java:587)
	at org.testng.SuiteRunner.runTest(SuiteRunner.java:384)
	at org.testng.SuiteRunner.runSequentially(SuiteRunner.java:378)
	at org.testng.SuiteRunner.privateRun(SuiteRunner.java:337)
	at org.testng.SuiteRunner.run(SuiteRunner.java:286)
	at org.testng.SuiteRunnerWorker.runSuite(SuiteRunnerWorker.java:53)
	at org.testng.SuiteRunnerWorker.run(SuiteRunnerWorker.java:96)
	at org.testng.TestNG.runSuitesSequentially(TestNG.java:1187)
	at org.testng.TestNG.runSuitesLocally(TestNG.java:1109)
	at org.testng.TestNG.runSuites(TestNG.java:1039)
	at org.testng.TestNG.run(TestNG.java:1007)
	at org.gradle.api.internal.tasks.testing.testng.TestNGTestClassProcessor.runTests(TestNGTestClassProcessor.java:141)
	at org.gradle.api.internal.tasks.testing.testng.TestNGTestClassProcessor.stop(TestNGTestClassProcessor.java:90)
	at org.gradle.api.internal.tasks.testing.SuiteTestClassProcessor.stop(SuiteTestClassProcessor.java:61)
	at sun.reflect.NativeMethodAccessorImpl.invoke0(Native Method)
	at sun.reflect.NativeMethodAccessorImpl.invoke(NativeMethodAccessorImpl.java:62)
	at sun.reflect.DelegatingMethodAccessorImpl.invoke(DelegatingMethodAccessorImpl.java:43)
	at java.lang.reflect.Method.invoke(Method.java:498)
	at org.gradle.internal.dispatch.ReflectionDispatch.dispatch(ReflectionDispatch.java:36)
	at org.gradle.internal.dispatch.ReflectionDispatch.dispatch(ReflectionDispatch.java:24)
	at org.gradle.internal.dispatch.ContextClassLoaderDispatch.dispatch(ContextClassLoaderDispatch.java:33)
	at org.gradle.internal.dispatch.ProxyDispatchAdapter$DispatchingInvocationHandler.invoke(ProxyDispatchAdapter.java:94)
	at com.sun.proxy.$Proxy2.stop(Unknown Source)
	at org.gradle.api.internal.tasks.testing.worker.TestWorker.stop(TestWorker.java:132)
	at sun.reflect.NativeMethodAccessorImpl.invoke0(Native Method)
	at sun.reflect.NativeMethodAccessorImpl.invoke(NativeMethodAccessorImpl.java:62)
	at sun.reflect.DelegatingMethodAccessorImpl.invoke(DelegatingMethodAccessorImpl.java:43)
	at java.lang.reflect.Method.invoke(Method.java:498)
	at org.gradle.internal.dispatch.ReflectionDispatch.dispatch(ReflectionDispatch.java:36)
	at org.gradle.internal.dispatch.ReflectionDispatch.dispatch(ReflectionDispatch.java:24)
	at org.gradle.internal.remote.internal.hub.MessageHubBackedObjectConnection$DispatchWrapper.dispatch(MessageHubBackedObjectConnection.java:182)
	at org.gradle.internal.remote.internal.hub.MessageHubBackedObjectConnection$DispatchWrapper.dispatch(MessageHubBackedObjectConnection.java:164)
	at org.gradle.internal.remote.internal.hub.MessageHub$Handler.run(MessageHub.java:412)
	at org.gradle.internal.concurrent.ExecutorPolicy$CatchAndRecordFailures.onExecute(ExecutorPolicy.java:64)
	at org.gradle.internal.concurrent.ManagedExecutorImpl$1.run(ManagedExecutorImpl.java:48)
	at java.util.concurrent.ThreadPoolExecutor.runWorker(ThreadPoolExecutor.java:1149)
	at java.util.concurrent.ThreadPoolExecutor$Worker.run(ThreadPoolExecutor.java:624)
	at org.gradle.internal.concurrent.ThreadFactoryImpl$ManagedThreadRunnable.run(ThreadFactoryImpl.java:56)
	at java.lang.Thread.run(Thread.java:748)
</pre>
</span>
</div>
<div class="test">
<a name="testSignUpFromDataProvider[2](112, 66, 11_11+2@ss.com, lkjhgfd2Q)"></a>
<h3 class="failures">testSignUpFromDataProvider[2](112, 66, 11_11+2@ss.com, lkjhgfd2Q)</h3>
<span class="code">
<pre>java.lang.AssertionError: expected [true] but found [false]
	at org.testng.Assert.fail(Assert.java:97)
	at org.testng.Assert.failNotEquals(Assert.java:969)
	at org.testng.Assert.assertTrue(Assert.java:43)
	at org.testng.Assert.assertTrue(Assert.java:53)
	at com.ilcarro.qa.tests.CreateAccountTests.testSignUpFromDataProvider(CreateAccountTests.java:57)
	at sun.reflect.NativeMethodAccessorImpl.invoke0(Native Method)
	at sun.reflect.NativeMethodAccessorImpl.invoke(NativeMethodAccessorImpl.java:62)
	at sun.reflect.DelegatingMethodAccessorImpl.invoke(DelegatingMethodAccessorImpl.java:43)
	at java.lang.reflect.Method.invoke(Method.java:498)
	at org.testng.internal.MethodInvocationHelper.invokeMethod(MethodInvocationHelper.java:134)
	at org.testng.internal.TestInvoker.invokeMethod(TestInvoker.java:597)
	at org.testng.internal.TestInvoker.invokeTestMethod(TestInvoker.java:173)
	at org.testng.internal.MethodRunner.runInSequence(MethodRunner.java:46)
	at org.testng.internal.TestInvoker$MethodInvocationAgent.invoke(TestInvoker.java:816)
	at org.testng.internal.TestInvoker.invokeTestMethods(TestInvoker.java:146)
	at org.testng.internal.TestMethodWorker.invokeTestMethods(TestMethodWorker.java:146)
	at org.testng.internal.TestMethodWorker.run(TestMethodWorker.java:128)
	at java.util.ArrayList.forEach(ArrayList.java:1259)
	at org.testng.TestRunner.privateRun(TestRunner.java:766)
	at org.testng.TestRunner.run(TestRunner.java:587)
	at org.testng.SuiteRunner.runTest(SuiteRunner.java:384)
	at org.testng.SuiteRunner.runSequentially(SuiteRunner.java:378)
	at org.testng.SuiteRunner.privateRun(SuiteRunner.java:337)
	at org.testng.SuiteRunner.run(SuiteRunner.java:286)
	at org.testng.SuiteRunnerWorker.runSuite(SuiteRunnerWorker.java:53)
	at org.testng.SuiteRunnerWorker.run(SuiteRunnerWorker.java:96)
	at org.testng.TestNG.runSuitesSequentially(TestNG.java:1187)
	at org.testng.TestNG.runSuitesLocally(TestNG.java:1109)
	at org.testng.TestNG.runSuites(TestNG.java:1039)
	at org.testng.TestNG.run(TestNG.java:1007)
	at org.gradle.api.internal.tasks.testing.testng.TestNGTestClassProcessor.runTests(TestNGTestClassProcessor.java:141)
	at org.gradle.api.internal.tasks.testing.testng.TestNGTestClassProcessor.stop(TestNGTestClassProcessor.java:90)
	at org.gradle.api.internal.tasks.testing.SuiteTestClassProcessor.stop(SuiteTestClassProcessor.java:61)
	at sun.reflect.NativeMethodAccessorImpl.invoke0(Native Method)
	at sun.reflect.NativeMethodAccessorImpl.invoke(NativeMethodAccessorImpl.java:62)
	at sun.reflect.DelegatingMethodAccessorImpl.invoke(DelegatingMethodAccessorImpl.java:43)
	at java.lang.reflect.Method.invoke(Method.java:498)
	at org.gradle.internal.dispatch.ReflectionDispatch.dispatch(ReflectionDispatch.java:36)
	at org.gradle.internal.dispatch.ReflectionDispatch.dispatch(ReflectionDispatch.java:24)
	at org.gradle.internal.dispatch.ContextClassLoaderDispatch.dispatch(ContextClassLoaderDispatch.java:33)
	at org.gradle.internal.dispatch.ProxyDispatchAdapter$DispatchingInvocationHandler.invoke(ProxyDispatchAdapter.java:94)
	at com.sun.proxy.$Proxy2.stop(Unknown Source)
	at org.gradle.api.internal.tasks.testing.worker.TestWorker.stop(TestWorker.java:132)
	at sun.reflect.NativeMethodAccessorImpl.invoke0(Native Method)
	at sun.reflect.NativeMethodAccessorImpl.invoke(NativeMethodAccessorImpl.java:62)
	at sun.reflect.DelegatingMethodAccessorImpl.invoke(DelegatingMethodAccessorImpl.java:43)
	at java.lang.reflect.Method.invoke(Method.java:498)
	at org.gradle.internal.dispatch.ReflectionDispatch.dispatch(ReflectionDispatch.java:36)
	at org.gradle.internal.dispatch.ReflectionDispatch.dispatch(ReflectionDispatch.java:24)
	at org.gradle.internal.remote.internal.hub.MessageHubBackedObjectConnection$DispatchWrapper.dispatch(MessageHubBackedObjectConnection.java:182)
	at org.gradle.internal.remote.internal.hub.MessageHubBackedObjectConnection$DispatchWrapper.dispatch(MessageHubBackedObjectConnection.java:164)
	at org.gradle.internal.remote.internal.hub.MessageHub$Handler.run(MessageHub.java:412)
	at org.gradle.internal.concurrent.ExecutorPolicy$CatchAndRecordFailures.onExecute(ExecutorPolicy.java:64)
	at org.gradle.internal.concurrent.ManagedExecutorImpl$1.run(ManagedExecutorImpl.java:48)
	at java.util.concurrent.ThreadPoolExecutor.runWorker(ThreadPoolExecutor.java:1149)
	at java.util.concurrent.ThreadPoolExecutor$Worker.run(ThreadPoolExecutor.java:624)
	at org.gradle.internal.concurrent.ThreadFactoryImpl$ManagedThreadRunnable.run(ThreadFactoryImpl.java:56)
	at java.lang.Thread.run(Thread.java:748)
</pre>
</span>
</div>
</div>
<div id="tab1" class="tab">
<h2>Tests</h2>
<table>
<thead>
<tr>
<th>Test</th>
<th>Duration</th>
<th>Result</th>
</tr>
</thead>
<tr>
<td class="success">testSignUp</td>
<td class="success">5.689s</td>
<td class="success">passed</td>
</tr>
<tr>
<td class="failures">testSignUpFromCSVDataProvider[0](User{fName='TesterU', lName='TesterU', email='testerU1+2@u.co', password='1234567aA'})</td>
<td class="failures">10.127s</td>
<td class="failures">failed</td>
</tr>
<tr>
<td class="failures">testSignUpFromCSVDataProvider[1](User{fName='Tester-U', lName='Tester-U', email='testerQa1+2@qa.com', password='Aa1234567'})</td>
<td class="failures">10.745s</td>
<td class="failures">failed</td>
</tr>
<tr>
<td class="failures">testSignUpFromCSVDataProvider[2](User{fName='TesterQAB', lName='TesterQAB', email='testerqab1+2@qa.com', password='Aa1234567'})</td>
<td class="failures">9.423s</td>
<td class="failures">failed</td>
</tr>
<tr>
<td class="failures">testSignUpFromCSVDataProvider[3](User{fName='Tester U', lName='Tester U', email='QA251+2@qa.co', password='1234567Aa'})</td>
<td class="failures">9.766s</td>
<td class="failures">failed</td>
</tr>
<tr>
<td class="failures">testSignUpFromDataProvider[0](fName1, lname, lname+2@gmail.com, 1Qaaaaaaa)</td>
<td class="failures">9.552s</td>
<td class="failures">failed</td>
</tr>
<tr>
<td class="failures">testSignUpFromDataProvider[1](aab, FF, 1111+2@ss.com, lkjhgfd2Q)</td>
<td class="failures">9.600s</td>
<td class="failures">failed</td>
</tr>
<tr>
<td class="failures">testSignUpFromDataProvider[2](112, 66, 11_11+2@ss.com, lkjhgfd2Q)</td>
<td class="failures">9.570s</td>
<td class="failures">failed</td>
</tr>
</table>
</div>
<div id="tab2" class="tab">
<h2>Standard output</h2>
<span class="code">
<pre>19:14:21 [Test worker] INFO  com.ilcarro.qa.tests.TestBase - Start test testSignUp with data: []
19:14:21 [Test worker] INFO  c.i.q.f.ApplicationManager$MyListener - Start search By.cssSelector: [href='/signup']...
19:14:21 [Test worker] INFO  c.i.q.f.ApplicationManager$MyListener - By.cssSelector: [href='/signup']found.
19:14:21 [Test worker] INFO  c.i.q.f.ApplicationManager$MyListener - Start search By.cssSelector: [href='/signup']...
19:14:21 [Test worker] INFO  c.i.q.f.ApplicationManager$MyListener - By.cssSelector: [href='/signup']found.
19:14:21 [Test worker] INFO  c.i.q.f.ApplicationManager$MyListener - Start search By.cssSelector: #first_name...
19:14:21 [Test worker] INFO  c.i.q.f.ApplicationManager$MyListener - By.cssSelector: #first_namefound.
19:14:21 [Test worker] INFO  c.i.q.f.ApplicationManager$MyListener - Start search By.cssSelector: #first_name...
19:14:21 [Test worker] INFO  c.i.q.f.ApplicationManager$MyListener - By.cssSelector: #first_namefound.
19:14:22 [Test worker] INFO  c.i.q.f.ApplicationManager$MyListener - Start search By.cssSelector: #first_name...
19:14:22 [Test worker] INFO  c.i.q.f.ApplicationManager$MyListener - By.cssSelector: #first_namefound.
19:14:22 [Test worker] INFO  c.i.q.f.ApplicationManager$MyListener - Start search By.cssSelector: #second_name...
19:14:22 [Test worker] INFO  c.i.q.f.ApplicationManager$MyListener - By.cssSelector: #second_namefound.
19:14:22 [Test worker] INFO  c.i.q.f.ApplicationManager$MyListener - Start search By.cssSelector: #second_name...
19:14:22 [Test worker] INFO  c.i.q.f.ApplicationManager$MyListener - By.cssSelector: #second_namefound.
19:14:22 [Test worker] INFO  c.i.q.f.ApplicationManager$MyListener - Start search By.cssSelector: #second_name...
19:14:22 [Test worker] INFO  c.i.q.f.ApplicationManager$MyListener - By.cssSelector: #second_namefound.
19:14:22 [Test worker] INFO  c.i.q.f.ApplicationManager$MyListener - Start search By.cssSelector: #email...
19:14:22 [Test worker] INFO  c.i.q.f.ApplicationManager$MyListener - By.cssSelector: #emailfound.
19:14:22 [Test worker] INFO  c.i.q.f.ApplicationManager$MyListener - Start search By.cssSelector: #email...
19:14:22 [Test worker] INFO  c.i.q.f.ApplicationManager$MyListener - By.cssSelector: #emailfound.
19:14:22 [Test worker] INFO  c.i.q.f.ApplicationManager$MyListener - Start search By.cssSelector: #email...
19:14:22 [Test worker] INFO  c.i.q.f.ApplicationManager$MyListener - By.cssSelector: #emailfound.
19:14:23 [Test worker] INFO  c.i.q.f.ApplicationManager$MyListener - Start search By.cssSelector: #password...
19:14:23 [Test worker] INFO  c.i.q.f.ApplicationManager$MyListener - By.cssSelector: #passwordfound.
19:14:23 [Test worker] INFO  c.i.q.f.ApplicationManager$MyListener - Start search By.cssSelector: #password...
19:14:23 [Test worker] INFO  c.i.q.f.ApplicationManager$MyListener - By.cssSelector: #passwordfound.
19:14:23 [Test worker] INFO  c.i.q.f.ApplicationManager$MyListener - Start search By.cssSelector: #password...
19:14:23 [Test worker] INFO  c.i.q.f.ApplicationManager$MyListener - By.cssSelector: #passwordfound.
19:14:24 [Test worker] INFO  c.i.q.f.ApplicationManager$MyListener - Start search By.cssSelector: #check_policy...
19:14:24 [Test worker] INFO  c.i.q.f.ApplicationManager$MyListener - By.cssSelector: #check_policyfound.
19:14:26 [Test worker] INFO  c.i.q.f.ApplicationManager$MyListener - Start search By.cssSelector: [type='submit']...
19:14:26 [Test worker] INFO  c.i.q.f.ApplicationManager$MyListener - By.cssSelector: [type='submit']found.
19:14:26 [Test worker] INFO  c.i.q.f.ApplicationManager$MyListener - Start search By.cssSelector: .Login_login__right_block__1niYm...
19:14:26 [Test worker] INFO  c.i.q.f.ApplicationManager$MyListener - By.cssSelector: .Login_login__right_block__1niYmfound.
19:14:26 [Test worker] INFO  c.i.q.f.ApplicationManager$MyListener - Start search By.cssSelector: .Login_login__right_block__1niYm...
19:14:27 [Test worker] INFO  c.i.q.f.ApplicationManager$MyListener - By.cssSelector: .Login_login__right_block__1niYmfound.
19:14:27 [Test worker] INFO  com.ilcarro.qa.tests.TestBase - true
19:14:27 [Test worker] INFO  com.ilcarro.qa.tests.TestBase - PASSED: Test method testSignUp
19:14:27 [Test worker] INFO  com.ilcarro.qa.tests.TestBase - Stop test 
19:14:27 [Test worker] INFO  com.ilcarro.qa.tests.TestBase - ======================================================================
19:14:27 [Test worker] INFO  com.ilcarro.qa.tests.TestBase - Start test testSignUpFromCSVDataProvider with data: [User{fName='TesterU', lName='TesterU', email='testerU1+2@u.co', password='1234567aA'}]
19:14:27 [Test worker] INFO  c.i.q.f.ApplicationManager$MyListener - Start search By.cssSelector: [href='/signup']...
19:14:27 [Test worker] INFO  c.i.q.f.ApplicationManager$MyListener - By.cssSelector: [href='/signup']found.
19:14:27 [Test worker] INFO  c.i.q.f.ApplicationManager$MyListener - Start search By.cssSelector: [href='/signup']...
19:14:27 [Test worker] INFO  c.i.q.f.ApplicationManager$MyListener - By.cssSelector: [href='/signup']found.
19:14:27 [Test worker] INFO  c.i.q.f.ApplicationManager$MyListener - Start search By.cssSelector: #first_name...
19:14:27 [Test worker] INFO  c.i.q.f.ApplicationManager$MyListener - By.cssSelector: #first_namefound.
19:14:27 [Test worker] INFO  c.i.q.f.ApplicationManager$MyListener - Start search By.cssSelector: #first_name...
19:14:27 [Test worker] INFO  c.i.q.f.ApplicationManager$MyListener - By.cssSelector: #first_namefound.
19:14:27 [Test worker] INFO  c.i.q.f.ApplicationManager$MyListener - Start search By.cssSelector: #first_name...
19:14:27 [Test worker] INFO  c.i.q.f.ApplicationManager$MyListener - By.cssSelector: #first_namefound.
19:14:27 [Test worker] INFO  c.i.q.f.ApplicationManager$MyListener - Start search By.cssSelector: #second_name...
19:14:27 [Test worker] INFO  c.i.q.f.ApplicationManager$MyListener - By.cssSelector: #second_namefound.
19:14:27 [Test worker] INFO  c.i.q.f.ApplicationManager$MyListener - Start search By.cssSelector: #second_name...
19:14:27 [Test worker] INFO  c.i.q.f.ApplicationManager$MyListener - By.cssSelector: #second_namefound.
19:14:27 [Test worker] INFO  c.i.q.f.ApplicationManager$MyListener - Start search By.cssSelector: #second_name...
19:14:27 [Test worker] INFO  c.i.q.f.ApplicationManager$MyListener - By.cssSelector: #second_namefound.
19:14:28 [Test worker] INFO  c.i.q.f.ApplicationManager$MyListener - Start search By.cssSelector: #email...
19:14:28 [Test worker] INFO  c.i.q.f.ApplicationManager$MyListener - By.cssSelector: #emailfound.
19:14:28 [Test worker] INFO  c.i.q.f.ApplicationManager$MyListener - Start search By.cssSelector: #email...
19:14:28 [Test worker] INFO  c.i.q.f.ApplicationManager$MyListener - By.cssSelector: #emailfound.
19:14:28 [Test worker] INFO  c.i.q.f.ApplicationManager$MyListener - Start search By.cssSelector: #email...
19:14:28 [Test worker] INFO  c.i.q.f.ApplicationManager$MyListener - By.cssSelector: #emailfound.
19:14:28 [Test worker] INFO  c.i.q.f.ApplicationManager$MyListener - Start search By.cssSelector: #password...
19:14:28 [Test worker] INFO  c.i.q.f.ApplicationManager$MyListener - By.cssSelector: #passwordfound.
19:14:28 [Test worker] INFO  c.i.q.f.ApplicationManager$MyListener - Start search By.cssSelector: #password...
19:14:28 [Test worker] INFO  c.i.q.f.ApplicationManager$MyListener - By.cssSelector: #passwordfound.
19:14:28 [Test worker] INFO  c.i.q.f.ApplicationManager$MyListener - Start search By.cssSelector: #password...
19:14:28 [Test worker] INFO  c.i.q.f.ApplicationManager$MyListener - By.cssSelector: #passwordfound.
19:14:28 [Test worker] INFO  c.i.q.f.ApplicationManager$MyListener - Start search By.cssSelector: #check_policy...
19:14:28 [Test worker] INFO  c.i.q.f.ApplicationManager$MyListener - By.cssSelector: #check_policyfound.
19:14:30 [Test worker] INFO  c.i.q.f.ApplicationManager$MyListener - Start search By.cssSelector: [type='submit']...
19:14:31 [Test worker] INFO  c.i.q.f.ApplicationManager$MyListener - By.cssSelector: [type='submit']found.
19:14:31 [Test worker] INFO  c.i.q.f.ApplicationManager$MyListener - Start search By.cssSelector: .Login_login__right_block__1niYm...
19:14:34 [Test worker] INFO  c.i.q.f.ApplicationManager$MyListener - By.cssSelector: .Login_login__right_block__1niYmfound.
19:14:34 [Test worker] INFO  com.ilcarro.qa.tests.TestBase - Login form present. actual result: false expected result is: true 
19:14:34 [Test worker] INFO  c.i.q.f.ApplicationManager$MyListener - Start search By.cssSelector: .Login_login__right_block__1niYm...
19:14:37 [Test worker] INFO  c.i.q.f.ApplicationManager$MyListener - By.cssSelector: .Login_login__right_block__1niYmfound.
19:14:37 [Test worker] ERROR com.ilcarro.qa.tests.TestBase - FAILED: Test method testSignUpFromCSVDataProvider
Screenshot: C:\Users\Elena\Documents\GitHub\Lena_25_ilCarro\screenshot-1604510077895.png
19:14:37 [Test worker] INFO  com.ilcarro.qa.tests.TestBase - Stop test 
19:14:37 [Test worker] INFO  com.ilcarro.qa.tests.TestBase - ======================================================================
19:14:37 [Test worker] INFO  com.ilcarro.qa.tests.TestBase - Start test testSignUpFromCSVDataProvider with data: [User{fName='Tester-U', lName='Tester-U', email='testerQa1+2@qa.com', password='Aa1234567'}]
19:14:37 [Test worker] INFO  c.i.q.f.ApplicationManager$MyListener - Start search By.cssSelector: [href='/signup']...
19:14:37 [Test worker] INFO  c.i.q.f.ApplicationManager$MyListener - By.cssSelector: [href='/signup']found.
19:14:37 [Test worker] INFO  c.i.q.f.ApplicationManager$MyListener - Start search By.cssSelector: [href='/signup']...
19:14:37 [Test worker] INFO  c.i.q.f.ApplicationManager$MyListener - By.cssSelector: [href='/signup']found.
19:14:38 [Test worker] INFO  c.i.q.f.ApplicationManager$MyListener - Start search By.cssSelector: #first_name...
19:14:38 [Test worker] INFO  c.i.q.f.ApplicationManager$MyListener - By.cssSelector: #first_namefound.
19:14:38 [Test worker] INFO  c.i.q.f.ApplicationManager$MyListener - Start search By.cssSelector: #first_name...
19:14:38 [Test worker] INFO  c.i.q.f.ApplicationManager$MyListener - By.cssSelector: #first_namefound.
19:14:38 [Test worker] INFO  c.i.q.f.ApplicationManager$MyListener - Start search By.cssSelector: #first_name...
19:14:38 [Test worker] INFO  c.i.q.f.ApplicationManager$MyListener - By.cssSelector: #first_namefound.
19:14:38 [Test worker] INFO  c.i.q.f.ApplicationManager$MyListener - Start search By.cssSelector: #second_name...
19:14:38 [Test worker] INFO  c.i.q.f.ApplicationManager$MyListener - By.cssSelector: #second_namefound.
19:14:38 [Test worker] INFO  c.i.q.f.ApplicationManager$MyListener - Start search By.cssSelector: #second_name...
19:14:38 [Test worker] INFO  c.i.q.f.ApplicationManager$MyListener - By.cssSelector: #second_namefound.
19:14:38 [Test worker] INFO  c.i.q.f.ApplicationManager$MyListener - Start search By.cssSelector: #second_name...
19:14:38 [Test worker] INFO  c.i.q.f.ApplicationManager$MyListener - By.cssSelector: #second_namefound.
19:14:39 [Test worker] INFO  c.i.q.f.ApplicationManager$MyListener - Start search By.cssSelector: #email...
19:14:39 [Test worker] INFO  c.i.q.f.ApplicationManager$MyListener - By.cssSelector: #emailfound.
19:14:39 [Test worker] INFO  c.i.q.f.ApplicationManager$MyListener - Start search By.cssSelector: #email...
19:14:39 [Test worker] INFO  c.i.q.f.ApplicationManager$MyListener - By.cssSelector: #emailfound.
19:14:39 [Test worker] INFO  c.i.q.f.ApplicationManager$MyListener - Start search By.cssSelector: #email...
19:14:39 [Test worker] INFO  c.i.q.f.ApplicationManager$MyListener - By.cssSelector: #emailfound.
19:14:39 [Test worker] INFO  c.i.q.f.ApplicationManager$MyListener - Start search By.cssSelector: #password...
19:14:39 [Test worker] INFO  c.i.q.f.ApplicationManager$MyListener - By.cssSelector: #passwordfound.
19:14:40 [Test worker] INFO  c.i.q.f.ApplicationManager$MyListener - Start search By.cssSelector: #password...
19:14:40 [Test worker] INFO  c.i.q.f.ApplicationManager$MyListener - By.cssSelector: #passwordfound.
19:14:40 [Test worker] INFO  c.i.q.f.ApplicationManager$MyListener - Start search By.cssSelector: #password...
19:14:40 [Test worker] INFO  c.i.q.f.ApplicationManager$MyListener - By.cssSelector: #passwordfound.
19:14:40 [Test worker] INFO  c.i.q.f.ApplicationManager$MyListener - Start search By.cssSelector: #check_policy...
19:14:40 [Test worker] INFO  c.i.q.f.ApplicationManager$MyListener - By.cssSelector: #check_policyfound.
19:14:42 [Test worker] INFO  c.i.q.f.ApplicationManager$MyListener - Start search By.cssSelector: [type='submit']...
19:14:42 [Test worker] INFO  c.i.q.f.ApplicationManager$MyListener - By.cssSelector: [type='submit']found.
19:14:42 [Test worker] INFO  c.i.q.f.ApplicationManager$MyListener - Start search By.cssSelector: .Login_login__right_block__1niYm...
19:14:45 [Test worker] INFO  c.i.q.f.ApplicationManager$MyListener - By.cssSelector: .Login_login__right_block__1niYmfound.
19:14:45 [Test worker] INFO  com.ilcarro.qa.tests.TestBase - Login form present. actual result: false expected result is: true 
19:14:45 [Test worker] INFO  c.i.q.f.ApplicationManager$MyListener - Start search By.cssSelector: .Login_login__right_block__1niYm...
19:14:48 [Test worker] INFO  c.i.q.f.ApplicationManager$MyListener - By.cssSelector: .Login_login__right_block__1niYmfound.
19:14:49 [Test worker] ERROR com.ilcarro.qa.tests.TestBase - FAILED: Test method testSignUpFromCSVDataProvider
Screenshot: C:\Users\Elena\Documents\GitHub\Lena_25_ilCarro\screenshot-1604510089261.png
19:14:49 [Test worker] INFO  com.ilcarro.qa.tests.TestBase - Stop test 
19:14:49 [Test worker] INFO  com.ilcarro.qa.tests.TestBase - ======================================================================
19:14:49 [Test worker] INFO  com.ilcarro.qa.tests.TestBase - Start test testSignUpFromCSVDataProvider with data: [User{fName='TesterQAB', lName='TesterQAB', email='testerqab1+2@qa.com', password='Aa1234567'}]
19:14:49 [Test worker] INFO  c.i.q.f.ApplicationManager$MyListener - Start search By.cssSelector: [href='/signup']...
19:14:49 [Test worker] INFO  c.i.q.f.ApplicationManager$MyListener - By.cssSelector: [href='/signup']found.
19:14:49 [Test worker] INFO  c.i.q.f.ApplicationManager$MyListener - Start search By.cssSelector: [href='/signup']...
19:14:49 [Test worker] INFO  c.i.q.f.ApplicationManager$MyListener - By.cssSelector: [href='/signup']found.
19:14:49 [Test worker] INFO  c.i.q.f.ApplicationManager$MyListener - Start search By.cssSelector: #first_name...
19:14:49 [Test worker] INFO  c.i.q.f.ApplicationManager$MyListener - By.cssSelector: #first_namefound.
19:14:49 [Test worker] INFO  c.i.q.f.ApplicationManager$MyListener - Start search By.cssSelector: #first_name...
19:14:49 [Test worker] INFO  c.i.q.f.ApplicationManager$MyListener - By.cssSelector: #first_namefound.
19:14:49 [Test worker] INFO  c.i.q.f.ApplicationManager$MyListener - Start search By.cssSelector: #first_name...
19:14:49 [Test worker] INFO  c.i.q.f.ApplicationManager$MyListener - By.cssSelector: #first_namefound.
19:14:49 [Test worker] INFO  c.i.q.f.ApplicationManager$MyListener - Start search By.cssSelector: #second_name...
19:14:49 [Test worker] INFO  c.i.q.f.ApplicationManager$MyListener - By.cssSelector: #second_namefound.
19:14:49 [Test worker] INFO  c.i.q.f.ApplicationManager$MyListener - Start search By.cssSelector: #second_name...
19:14:49 [Test worker] INFO  c.i.q.f.ApplicationManager$MyListener - By.cssSelector: #second_namefound.
19:14:49 [Test worker] INFO  c.i.q.f.ApplicationManager$MyListener - Start search By.cssSelector: #second_name...
19:14:49 [Test worker] INFO  c.i.q.f.ApplicationManager$MyListener - By.cssSelector: #second_namefound.
19:14:49 [Test worker] INFO  c.i.q.f.ApplicationManager$MyListener - Start search By.cssSelector: #email...
19:14:49 [Test worker] INFO  c.i.q.f.ApplicationManager$MyListener - By.cssSelector: #emailfound.
19:14:49 [Test worker] INFO  c.i.q.f.ApplicationManager$MyListener - Start search By.cssSelector: #email...
19:14:49 [Test worker] INFO  c.i.q.f.ApplicationManager$MyListener - By.cssSelector: #emailfound.
19:14:49 [Test worker] INFO  c.i.q.f.ApplicationManager$MyListener - Start search By.cssSelector: #email...
19:14:50 [Test worker] INFO  c.i.q.f.ApplicationManager$MyListener - By.cssSelector: #emailfound.
19:14:50 [Test worker] INFO  c.i.q.f.ApplicationManager$MyListener - Start search By.cssSelector: #password...
19:14:50 [Test worker] INFO  c.i.q.f.ApplicationManager$MyListener - By.cssSelector: #passwordfound.
19:14:50 [Test worker] INFO  c.i.q.f.ApplicationManager$MyListener - Start search By.cssSelector: #password...
19:14:50 [Test worker] INFO  c.i.q.f.ApplicationManager$MyListener - By.cssSelector: #passwordfound.
19:14:50 [Test worker] INFO  c.i.q.f.ApplicationManager$MyListener - Start search By.cssSelector: #password...
19:14:50 [Test worker] INFO  c.i.q.f.ApplicationManager$MyListener - By.cssSelector: #passwordfound.
19:14:50 [Test worker] INFO  c.i.q.f.ApplicationManager$MyListener - Start search By.cssSelector: #check_policy...
19:14:50 [Test worker] INFO  c.i.q.f.ApplicationManager$MyListener - By.cssSelector: #check_policyfound.
19:14:52 [Test worker] INFO  c.i.q.f.ApplicationManager$MyListener - Start search By.cssSelector: [type='submit']...
19:14:52 [Test worker] INFO  c.i.q.f.ApplicationManager$MyListener - By.cssSelector: [type='submit']found.
19:14:52 [Test worker] INFO  c.i.q.f.ApplicationManager$MyListener - Start search By.cssSelector: .Login_login__right_block__1niYm...
19:14:55 [Test worker] INFO  c.i.q.f.ApplicationManager$MyListener - By.cssSelector: .Login_login__right_block__1niYmfound.
19:14:55 [Test worker] INFO  com.ilcarro.qa.tests.TestBase - Login form present. actual result: false expected result is: true 
19:14:55 [Test worker] INFO  c.i.q.f.ApplicationManager$MyListener - Start search By.cssSelector: .Login_login__right_block__1niYm...
19:14:58 [Test worker] INFO  c.i.q.f.ApplicationManager$MyListener - By.cssSelector: .Login_login__right_block__1niYmfound.
19:14:59 [Test worker] ERROR com.ilcarro.qa.tests.TestBase - FAILED: Test method testSignUpFromCSVDataProvider
Screenshot: C:\Users\Elena\Documents\GitHub\Lena_25_ilCarro\screenshot-1604510099464.png
19:14:59 [Test worker] INFO  com.ilcarro.qa.tests.TestBase - Stop test 
19:14:59 [Test worker] INFO  com.ilcarro.qa.tests.TestBase - ======================================================================
19:14:59 [Test worker] INFO  com.ilcarro.qa.tests.TestBase - Start test testSignUpFromCSVDataProvider with data: [User{fName='Tester U', lName='Tester U', email='QA251+2@qa.co', password='1234567Aa'}]
19:14:59 [Test worker] INFO  c.i.q.f.ApplicationManager$MyListener - Start search By.cssSelector: [href='/signup']...
19:14:59 [Test worker] INFO  c.i.q.f.ApplicationManager$MyListener - By.cssSelector: [href='/signup']found.
19:14:59 [Test worker] INFO  c.i.q.f.ApplicationManager$MyListener - Start search By.cssSelector: [href='/signup']...
19:14:59 [Test worker] INFO  c.i.q.f.ApplicationManager$MyListener - By.cssSelector: [href='/signup']found.
19:14:59 [Test worker] INFO  c.i.q.f.ApplicationManager$MyListener - Start search By.cssSelector: #first_name...
19:14:59 [Test worker] INFO  c.i.q.f.ApplicationManager$MyListener - By.cssSelector: #first_namefound.
19:14:59 [Test worker] INFO  c.i.q.f.ApplicationManager$MyListener - Start search By.cssSelector: #first_name...
19:14:59 [Test worker] INFO  c.i.q.f.ApplicationManager$MyListener - By.cssSelector: #first_namefound.
19:14:59 [Test worker] INFO  c.i.q.f.ApplicationManager$MyListener - Start search By.cssSelector: #first_name...
19:14:59 [Test worker] INFO  c.i.q.f.ApplicationManager$MyListener - By.cssSelector: #first_namefound.
19:14:59 [Test worker] INFO  c.i.q.f.ApplicationManager$MyListener - Start search By.cssSelector: #second_name...
19:15:00 [Test worker] INFO  c.i.q.f.ApplicationManager$MyListener - By.cssSelector: #second_namefound.
19:15:00 [Test worker] INFO  c.i.q.f.ApplicationManager$MyListener - Start search By.cssSelector: #second_name...
19:15:00 [Test worker] INFO  c.i.q.f.ApplicationManager$MyListener - By.cssSelector: #second_namefound.
19:15:00 [Test worker] INFO  c.i.q.f.ApplicationManager$MyListener - Start search By.cssSelector: #second_name...
19:15:00 [Test worker] INFO  c.i.q.f.ApplicationManager$MyListener - By.cssSelector: #second_namefound.
19:15:00 [Test worker] INFO  c.i.q.f.ApplicationManager$MyListener - Start search By.cssSelector: #email...
19:15:00 [Test worker] INFO  c.i.q.f.ApplicationManager$MyListener - By.cssSelector: #emailfound.
19:15:00 [Test worker] INFO  c.i.q.f.ApplicationManager$MyListener - Start search By.cssSelector: #email...
19:15:00 [Test worker] INFO  c.i.q.f.ApplicationManager$MyListener - By.cssSelector: #emailfound.
19:15:00 [Test worker] INFO  c.i.q.f.ApplicationManager$MyListener - Start search By.cssSelector: #email...
19:15:00 [Test worker] INFO  c.i.q.f.ApplicationManager$MyListener - By.cssSelector: #emailfound.
19:15:00 [Test worker] INFO  c.i.q.f.ApplicationManager$MyListener - Start search By.cssSelector: #password...
19:15:00 [Test worker] INFO  c.i.q.f.ApplicationManager$MyListener - By.cssSelector: #passwordfound.
19:15:00 [Test worker] INFO  c.i.q.f.ApplicationManager$MyListener - Start search By.cssSelector: #password...
19:15:00 [Test worker] INFO  c.i.q.f.ApplicationManager$MyListener - By.cssSelector: #passwordfound.
19:15:00 [Test worker] INFO  c.i.q.f.ApplicationManager$MyListener - Start search By.cssSelector: #password...
19:15:00 [Test worker] INFO  c.i.q.f.ApplicationManager$MyListener - By.cssSelector: #passwordfound.
19:15:00 [Test worker] INFO  c.i.q.f.ApplicationManager$MyListener - Start search By.cssSelector: #check_policy...
19:15:01 [Test worker] INFO  c.i.q.f.ApplicationManager$MyListener - By.cssSelector: #check_policyfound.
19:15:03 [Test worker] INFO  c.i.q.f.ApplicationManager$MyListener - Start search By.cssSelector: [type='submit']...
19:15:03 [Test worker] INFO  c.i.q.f.ApplicationManager$MyListener - By.cssSelector: [type='submit']found.
19:15:03 [Test worker] INFO  c.i.q.f.ApplicationManager$MyListener - Start search By.cssSelector: .Login_login__right_block__1niYm...
19:15:06 [Test worker] INFO  c.i.q.f.ApplicationManager$MyListener - By.cssSelector: .Login_login__right_block__1niYmfound.
19:15:06 [Test worker] INFO  com.ilcarro.qa.tests.TestBase - Login form present. actual result: false expected result is: true 
19:15:06 [Test worker] INFO  c.i.q.f.ApplicationManager$MyListener - Start search By.cssSelector: .Login_login__right_block__1niYm...
19:15:09 [Test worker] INFO  c.i.q.f.ApplicationManager$MyListener - By.cssSelector: .Login_login__right_block__1niYmfound.
19:15:09 [Test worker] ERROR com.ilcarro.qa.tests.TestBase - FAILED: Test method testSignUpFromCSVDataProvider
Screenshot: C:\Users\Elena\Documents\GitHub\Lena_25_ilCarro\screenshot-1604510109925.png
19:15:09 [Test worker] INFO  com.ilcarro.qa.tests.TestBase - Stop test 
19:15:09 [Test worker] INFO  com.ilcarro.qa.tests.TestBase - ======================================================================
19:15:09 [Test worker] INFO  com.ilcarro.qa.tests.TestBase - Start test testSignUpFromDataProvider with data: [fName1, lname, lname+2@gmail.com, 1Qaaaaaaa]
19:15:09 [Test worker] INFO  c.i.q.f.ApplicationManager$MyListener - Start search By.cssSelector: [href='/signup']...
19:15:09 [Test worker] INFO  c.i.q.f.ApplicationManager$MyListener - By.cssSelector: [href='/signup']found.
19:15:09 [Test worker] INFO  c.i.q.f.ApplicationManager$MyListener - Start search By.cssSelector: [href='/signup']...
19:15:09 [Test worker] INFO  c.i.q.f.ApplicationManager$MyListener - By.cssSelector: [href='/signup']found.
19:15:10 [Test worker] INFO  c.i.q.f.ApplicationManager$MyListener - Start search By.cssSelector: #first_name...
19:15:10 [Test worker] INFO  c.i.q.f.ApplicationManager$MyListener - By.cssSelector: #first_namefound.
19:15:10 [Test worker] INFO  c.i.q.f.ApplicationManager$MyListener - Start search By.cssSelector: #first_name...
19:15:10 [Test worker] INFO  c.i.q.f.ApplicationManager$MyListener - By.cssSelector: #first_namefound.
19:15:10 [Test worker] INFO  c.i.q.f.ApplicationManager$MyListener - Start search By.cssSelector: #first_name...
19:15:10 [Test worker] INFO  c.i.q.f.ApplicationManager$MyListener - By.cssSelector: #first_namefound.
19:15:10 [Test worker] INFO  c.i.q.f.ApplicationManager$MyListener - Start search By.cssSelector: #second_name...
19:15:10 [Test worker] INFO  c.i.q.f.ApplicationManager$MyListener - By.cssSelector: #second_namefound.
19:15:10 [Test worker] INFO  c.i.q.f.ApplicationManager$MyListener - Start search By.cssSelector: #second_name...
19:15:10 [Test worker] INFO  c.i.q.f.ApplicationManager$MyListener - By.cssSelector: #second_namefound.
19:15:10 [Test worker] INFO  c.i.q.f.ApplicationManager$MyListener - Start search By.cssSelector: #second_name...
19:15:10 [Test worker] INFO  c.i.q.f.ApplicationManager$MyListener - By.cssSelector: #second_namefound.
19:15:10 [Test worker] INFO  c.i.q.f.ApplicationManager$MyListener - Start search By.cssSelector: #email...
19:15:10 [Test worker] INFO  c.i.q.f.ApplicationManager$MyListener - By.cssSelector: #emailfound.
19:15:10 [Test worker] INFO  c.i.q.f.ApplicationManager$MyListener - Start search By.cssSelector: #email...
19:15:10 [Test worker] INFO  c.i.q.f.ApplicationManager$MyListener - By.cssSelector: #emailfound.
19:15:10 [Test worker] INFO  c.i.q.f.ApplicationManager$MyListener - Start search By.cssSelector: #email...
19:15:10 [Test worker] INFO  c.i.q.f.ApplicationManager$MyListener - By.cssSelector: #emailfound.
19:15:11 [Test worker] INFO  c.i.q.f.ApplicationManager$MyListener - Start search By.cssSelector: #password...
19:15:11 [Test worker] INFO  c.i.q.f.ApplicationManager$MyListener - By.cssSelector: #passwordfound.
19:15:11 [Test worker] INFO  c.i.q.f.ApplicationManager$MyListener - Start search By.cssSelector: #password...
19:15:11 [Test worker] INFO  c.i.q.f.ApplicationManager$MyListener - By.cssSelector: #passwordfound.
19:15:11 [Test worker] INFO  c.i.q.f.ApplicationManager$MyListener - Start search By.cssSelector: #password...
19:15:11 [Test worker] INFO  c.i.q.f.ApplicationManager$MyListener - By.cssSelector: #passwordfound.
19:15:11 [Test worker] INFO  c.i.q.f.ApplicationManager$MyListener - Start search By.cssSelector: #check_policy...
19:15:11 [Test worker] INFO  c.i.q.f.ApplicationManager$MyListener - By.cssSelector: #check_policyfound.
19:15:13 [Test worker] INFO  c.i.q.f.ApplicationManager$MyListener - Start search By.cssSelector: [type='submit']...
19:15:13 [Test worker] INFO  c.i.q.f.ApplicationManager$MyListener - By.cssSelector: [type='submit']found.
19:15:13 [Test worker] INFO  c.i.q.f.ApplicationManager$MyListener - Start search By.cssSelector: .Login_login__right_block__1niYm...
19:15:16 [Test worker] INFO  c.i.q.f.ApplicationManager$MyListener - By.cssSelector: .Login_login__right_block__1niYmfound.
19:15:16 [Test worker] INFO  com.ilcarro.qa.tests.TestBase - Login form present. actual result: false expected result is: true 
19:15:16 [Test worker] INFO  c.i.q.f.ApplicationManager$MyListener - Start search By.cssSelector: .Login_login__right_block__1niYm...
19:15:19 [Test worker] INFO  c.i.q.f.ApplicationManager$MyListener - By.cssSelector: .Login_login__right_block__1niYmfound.
19:15:20 [Test worker] ERROR com.ilcarro.qa.tests.TestBase - FAILED: Test method testSignUpFromDataProvider
Screenshot: C:\Users\Elena\Documents\GitHub\Lena_25_ilCarro\screenshot-1604510120088.png
19:15:20 [Test worker] INFO  com.ilcarro.qa.tests.TestBase - Stop test 
19:15:20 [Test worker] INFO  com.ilcarro.qa.tests.TestBase - ======================================================================
19:15:20 [Test worker] INFO  com.ilcarro.qa.tests.TestBase - Start test testSignUpFromDataProvider with data: [aab, FF, 1111+2@ss.com, lkjhgfd2Q]
19:15:20 [Test worker] INFO  c.i.q.f.ApplicationManager$MyListener - Start search By.cssSelector: [href='/signup']...
19:15:20 [Test worker] INFO  c.i.q.f.ApplicationManager$MyListener - By.cssSelector: [href='/signup']found.
19:15:20 [Test worker] INFO  c.i.q.f.ApplicationManager$MyListener - Start search By.cssSelector: [href='/signup']...
19:15:20 [Test worker] INFO  c.i.q.f.ApplicationManager$MyListener - By.cssSelector: [href='/signup']found.
19:15:20 [Test worker] INFO  c.i.q.f.ApplicationManager$MyListener - Start search By.cssSelector: #first_name...
19:15:20 [Test worker] INFO  c.i.q.f.ApplicationManager$MyListener - By.cssSelector: #first_namefound.
19:15:20 [Test worker] INFO  c.i.q.f.ApplicationManager$MyListener - Start search By.cssSelector: #first_name...
19:15:20 [Test worker] INFO  c.i.q.f.ApplicationManager$MyListener - By.cssSelector: #first_namefound.
19:15:20 [Test worker] INFO  c.i.q.f.ApplicationManager$MyListener - Start search By.cssSelector: #first_name...
19:15:20 [Test worker] INFO  c.i.q.f.ApplicationManager$MyListener - By.cssSelector: #first_namefound.
19:15:20 [Test worker] INFO  c.i.q.f.ApplicationManager$MyListener - Start search By.cssSelector: #second_name...
19:15:20 [Test worker] INFO  c.i.q.f.ApplicationManager$MyListener - By.cssSelector: #second_namefound.
19:15:20 [Test worker] INFO  c.i.q.f.ApplicationManager$MyListener - Start search By.cssSelector: #second_name...
19:15:20 [Test worker] INFO  c.i.q.f.ApplicationManager$MyListener - By.cssSelector: #second_namefound.
19:15:20 [Test worker] INFO  c.i.q.f.ApplicationManager$MyListener - Start search By.cssSelector: #second_name...
19:15:20 [Test worker] INFO  c.i.q.f.ApplicationManager$MyListener - By.cssSelector: #second_namefound.
19:15:20 [Test worker] INFO  c.i.q.f.ApplicationManager$MyListener - Start search By.cssSelector: #email...
19:15:20 [Test worker] INFO  c.i.q.f.ApplicationManager$MyListener - By.cssSelector: #emailfound.
19:15:20 [Test worker] INFO  c.i.q.f.ApplicationManager$MyListener - Start search By.cssSelector: #email...
19:15:20 [Test worker] INFO  c.i.q.f.ApplicationManager$MyListener - By.cssSelector: #emailfound.
19:15:20 [Test worker] INFO  c.i.q.f.ApplicationManager$MyListener - Start search By.cssSelector: #email...
19:15:20 [Test worker] INFO  c.i.q.f.ApplicationManager$MyListener - By.cssSelector: #emailfound.
19:15:21 [Test worker] INFO  c.i.q.f.ApplicationManager$MyListener - Start search By.cssSelector: #password...
19:15:21 [Test worker] INFO  c.i.q.f.ApplicationManager$MyListener - By.cssSelector: #passwordfound.
19:15:21 [Test worker] INFO  c.i.q.f.ApplicationManager$MyListener - Start search By.cssSelector: #password...
19:15:21 [Test worker] INFO  c.i.q.f.ApplicationManager$MyListener - By.cssSelector: #passwordfound.
19:15:21 [Test worker] INFO  c.i.q.f.ApplicationManager$MyListener - Start search By.cssSelector: #password...
19:15:21 [Test worker] INFO  c.i.q.f.ApplicationManager$MyListener - By.cssSelector: #passwordfound.
19:15:21 [Test worker] INFO  c.i.q.f.ApplicationManager$MyListener - Start search By.cssSelector: #check_policy...
19:15:21 [Test worker] INFO  c.i.q.f.ApplicationManager$MyListener - By.cssSelector: #check_policyfound.
19:15:23 [Test worker] INFO  c.i.q.f.ApplicationManager$MyListener - Start search By.cssSelector: [type='submit']...
19:15:23 [Test worker] INFO  c.i.q.f.ApplicationManager$MyListener - By.cssSelector: [type='submit']found.
19:15:23 [Test worker] INFO  c.i.q.f.ApplicationManager$MyListener - Start search By.cssSelector: .Login_login__right_block__1niYm...
19:15:26 [Test worker] INFO  c.i.q.f.ApplicationManager$MyListener - By.cssSelector: .Login_login__right_block__1niYmfound.
19:15:26 [Test worker] INFO  com.ilcarro.qa.tests.TestBase - Login form present. actual result: false expected result is: true 
19:15:26 [Test worker] INFO  c.i.q.f.ApplicationManager$MyListener - Start search By.cssSelector: .Login_login__right_block__1niYm...
19:15:29 [Test worker] INFO  c.i.q.f.ApplicationManager$MyListener - By.cssSelector: .Login_login__right_block__1niYmfound.
19:15:30 [Test worker] ERROR com.ilcarro.qa.tests.TestBase - FAILED: Test method testSignUpFromDataProvider
Screenshot: C:\Users\Elena\Documents\GitHub\Lena_25_ilCarro\screenshot-1604510130408.png
19:15:30 [Test worker] INFO  com.ilcarro.qa.tests.TestBase - Stop test 
19:15:30 [Test worker] INFO  com.ilcarro.qa.tests.TestBase - ======================================================================
19:15:30 [Test worker] INFO  com.ilcarro.qa.tests.TestBase - Start test testSignUpFromDataProvider with data: [112, 66, 11_11+2@ss.com, lkjhgfd2Q]
19:15:30 [Test worker] INFO  c.i.q.f.ApplicationManager$MyListener - Start search By.cssSelector: [href='/signup']...
19:15:30 [Test worker] INFO  c.i.q.f.ApplicationManager$MyListener - By.cssSelector: [href='/signup']found.
19:15:30 [Test worker] INFO  c.i.q.f.ApplicationManager$MyListener - Start search By.cssSelector: [href='/signup']...
19:15:30 [Test worker] INFO  c.i.q.f.ApplicationManager$MyListener - By.cssSelector: [href='/signup']found.
19:15:30 [Test worker] INFO  c.i.q.f.ApplicationManager$MyListener - Start search By.cssSelector: #first_name...
19:15:30 [Test worker] INFO  c.i.q.f.ApplicationManager$MyListener - By.cssSelector: #first_namefound.
19:15:30 [Test worker] INFO  c.i.q.f.ApplicationManager$MyListener - Start search By.cssSelector: #first_name...
19:15:30 [Test worker] INFO  c.i.q.f.ApplicationManager$MyListener - By.cssSelector: #first_namefound.
19:15:30 [Test worker] INFO  c.i.q.f.ApplicationManager$MyListener - Start search By.cssSelector: #first_name...
19:15:30 [Test worker] INFO  c.i.q.f.ApplicationManager$MyListener - By.cssSelector: #first_namefound.
19:15:30 [Test worker] INFO  c.i.q.f.ApplicationManager$MyListener - Start search By.cssSelector: #second_name...
19:15:30 [Test worker] INFO  c.i.q.f.ApplicationManager$MyListener - By.cssSelector: #second_namefound.
19:15:30 [Test worker] INFO  c.i.q.f.ApplicationManager$MyListener - Start search By.cssSelector: #second_name...
19:15:30 [Test worker] INFO  c.i.q.f.ApplicationManager$MyListener - By.cssSelector: #second_namefound.
19:15:30 [Test worker] INFO  c.i.q.f.ApplicationManager$MyListener - Start search By.cssSelector: #second_name...
19:15:31 [Test worker] INFO  c.i.q.f.ApplicationManager$MyListener - By.cssSelector: #second_namefound.
19:15:31 [Test worker] INFO  c.i.q.f.ApplicationManager$MyListener - Start search By.cssSelector: #email...
19:15:31 [Test worker] INFO  c.i.q.f.ApplicationManager$MyListener - By.cssSelector: #emailfound.
19:15:31 [Test worker] INFO  c.i.q.f.ApplicationManager$MyListener - Start search By.cssSelector: #email...
19:15:31 [Test worker] INFO  c.i.q.f.ApplicationManager$MyListener - By.cssSelector: #emailfound.
19:15:31 [Test worker] INFO  c.i.q.f.ApplicationManager$MyListener - Start search By.cssSelector: #email...
19:15:31 [Test worker] INFO  c.i.q.f.ApplicationManager$MyListener - By.cssSelector: #emailfound.
19:15:31 [Test worker] INFO  c.i.q.f.ApplicationManager$MyListener - Start search By.cssSelector: #password...
19:15:31 [Test worker] INFO  c.i.q.f.ApplicationManager$MyListener - By.cssSelector: #passwordfound.
19:15:31 [Test worker] INFO  c.i.q.f.ApplicationManager$MyListener - Start search By.cssSelector: #password...
19:15:31 [Test worker] INFO  c.i.q.f.ApplicationManager$MyListener - By.cssSelector: #passwordfound.
19:15:31 [Test worker] INFO  c.i.q.f.ApplicationManager$MyListener - Start search By.cssSelector: #password...
19:15:31 [Test worker] INFO  c.i.q.f.ApplicationManager$MyListener - By.cssSelector: #passwordfound.
19:15:31 [Test worker] INFO  c.i.q.f.ApplicationManager$MyListener - Start search By.cssSelector: #check_policy...
19:15:31 [Test worker] INFO  c.i.q.f.ApplicationManager$MyListener - By.cssSelector: #check_policyfound.
19:15:33 [Test worker] INFO  c.i.q.f.ApplicationManager$MyListener - Start search By.cssSelector: [type='submit']...
19:15:33 [Test worker] INFO  c.i.q.f.ApplicationManager$MyListener - By.cssSelector: [type='submit']found.
19:15:33 [Test worker] INFO  c.i.q.f.ApplicationManager$MyListener - Start search By.cssSelector: .Login_login__right_block__1niYm...
19:15:36 [Test worker] INFO  c.i.q.f.ApplicationManager$MyListener - By.cssSelector: .Login_login__right_block__1niYmfound.
19:15:36 [Test worker] INFO  com.ilcarro.qa.tests.TestBase - Login form present. actual result: false expected result is: true 
19:15:36 [Test worker] INFO  c.i.q.f.ApplicationManager$MyListener - Start search By.cssSelector: .Login_login__right_block__1niYm...
19:15:39 [Test worker] INFO  c.i.q.f.ApplicationManager$MyListener - By.cssSelector: .Login_login__right_block__1niYmfound.
19:15:40 [Test worker] ERROR com.ilcarro.qa.tests.TestBase - FAILED: Test method testSignUpFromDataProvider
Screenshot: C:\Users\Elena\Documents\GitHub\Lena_25_ilCarro\screenshot-1604510140670.png
19:15:40 [Test worker] INFO  com.ilcarro.qa.tests.TestBase - Stop test 
19:15:40 [Test worker] INFO  com.ilcarro.qa.tests.TestBase - ======================================================================
</pre>
</span>
</div>
</div>
<div id="footer">
<p>
<div>
<label class="hidden" id="label-for-line-wrapping-toggle" for="line-wrapping-toggle">Wrap lines
<input id="line-wrapping-toggle" type="checkbox" autocomplete="off"/>
</label>
</div>Generated by 
<a href="http://www.gradle.org">Gradle 6.3</a> at Nov 4, 2020 7:16:30 PM</p>
</div>
</div>
</body>
</html>
